<?xml version="1.0" encoding="UTF-8"?>
<!-- Generated by org.testng.reporters.JUnitXMLReporter -->
<testsuite hostname="hp-PC" ignored="4" name="Test" tests="2" failures="0" timestamp="27 Jul 2019 15:46:07 GMT" time="0.08" errors="0">
  <testcase name="test3" time="0.01" classname="selenium.Groupingtest"/>
  <testcase name="test4" time="0.0" classname="selenium.Groupingtest"/>
  <testcase name="test2" time="0.0" classname="selenium.Groupingtest">
    <ignored/>
  </testcase> <!-- test2 -->
  <testcase name="test5" time="0.0" classname="selenium.Groupingtest">
    <ignored/>
  </testcase> <!-- test5 -->
  <testcase name="test6" time="0.0" classname="selenium.Groupingtest">
    <ignored/>
  </testcase> <!-- test6 -->
  <testcase name="test1" time="0.0" classname="selenium.Groupingtest">
    <ignored/>
  </testcase> <!-- test1 -->
</testsuite> <!-- Test -->
