<?xml version="1.0" encoding="UTF-8"?>
<testng-results skipped="0" failed="0" ignored="4" total="6" passed="2">
  <reporter-output>
  </reporter-output>
  <suite name="Suite" duration-ms="80" started-at="2019-07-27T15:46:07Z" finished-at="2019-07-27T15:46:07Z">
    <groups>
      <group name="smoketest">
        <method signature="Groupingtest.test3()[pri:0, instance:selenium.Groupingtest@d2cc05a]" name="test3" class="selenium.Groupingtest"/>
        <method signature="Groupingtest.test4()[pri:0, instance:selenium.Groupingtest@d2cc05a]" name="test4" class="selenium.Groupingtest"/>
      </group> <!-- smoketest -->
    </groups>
    <test name="Test" duration-ms="80" started-at="2019-07-27T15:46:07Z" finished-at="2019-07-27T15:46:07Z">
      <class name="selenium.Groupingtest">
        <test-method status="PASS" signature="test3()[pri:0, instance:selenium.Groupingtest@d2cc05a]" name="test3" duration-ms="10" started-at="2019-07-27T15:46:07Z" finished-at="2019-07-27T15:46:07Z">
          <reporter-output>
          </reporter-output>
        </test-method> <!-- test3 -->
        <test-method status="PASS" signature="test4()[pri:0, instance:selenium.Groupingtest@d2cc05a]" name="test4" duration-ms="0" started-at="2019-07-27T15:46:07Z" finished-at="2019-07-27T15:46:07Z">
          <reporter-output>
          </reporter-output>
        </test-method> <!-- test4 -->
      </class> <!-- selenium.Groupingtest -->
    </test> <!-- Test -->
  </suite> <!-- Suite -->
</testng-results>
